<?xml version="1.0" encoding="UTF-8"?>
<!-- Generated by org.testng.reporters.JUnitReportReporter -->
<testsuite skipped="0" hostname="LAPTOP-8M8NT59T" name="testNG.usingMethodsTest" tests="3" failures="0" timestamp="13 Oct 2020 02:49:12 GMT" time="0.031" errors="0">
  <testcase name="smoke" time="0.002" classname="testNG.usingMethodsTest"/>
  <testcase name="healthCheck" time="0.025" classname="testNG.usingMethodsTest"/>
  <testcase name="sanity" time="0.004" classname="testNG.usingMethodsTest"/>
</testsuite> <!-- testNG.usingMethodsTest -->
