<?xml version="1.0" encoding="UTF-8"?>
<!-- Generated by org.testng.reporters.JUnitReportReporter -->
<testsuite skipped="0" hostname="LAPTOP-8M8NT59T" name="selenium.MyFirstTestSelenium" tests="1" failures="0" timestamp="27 Nov 2020 05:29:10 GMT" time="12.622" errors="0">
  <testcase name="startWebDriver" time="12.622" classname="selenium.MyFirstTestSelenium"/>
</testsuite> <!-- selenium.MyFirstTestSelenium -->
