<?xml version="1.0" encoding="UTF-8"?>
<!-- Generated by org.testng.reporters.JUnitReportReporter -->
<testsuite skipped="0" hostname="LAPTOP-8M8NT59T" name="usingMethodsTest" tests="3" failures="0" timestamp="12 Oct 2020 12:44:32 GMT" time="0.031" errors="0">
  <testcase name="sanity" time="0.009" classname="usingMethodsTest"/>
  <testcase name="smoke" time="0.000" classname="usingMethodsTest"/>
  <testcase name="regression" time="0.022" classname="usingMethodsTest"/>
</testsuite> <!-- usingMethodsTest -->
